<?xml version="1.0" encoding="UTF-8"?>
<!-- Generated by org.testng.reporters.JUnitReportReporter -->
<testsuite skipped="0" hostname="ITEM-S73641" name="TestCases.TC05_AttributeEnginnering" tests="1" failures="0" timestamp="16 Mar 2021 20:05:30 GMT" time="62.846" errors="0">
  <testcase name="TC05_AttributeEnginnering1" time="62.846" classname="TestCases.TC05_AttributeEnginnering"/>
</testsuite> <!-- TestCases.TC05_AttributeEnginnering -->
