<?xml version="1.0" encoding="UTF-8"?>
<!-- Generated by org.testng.reporters.JUnitReportReporter -->
<testsuite hostname="ITEM-S32273" failures="0" tests="1" name="testcases.ro" time="0.010" errors="0" timestamp="2020-05-15T07:58:11 IST" skipped="0">
  <testcase classname="testcases.ro" name="data" time="0.010"/>
  <system-out/>
</testsuite> <!-- testcases.ro -->
