<?xml version="1.0" encoding="UTF-8"?>
<!-- Generated by org.testng.reporters.JUnitReportReporter -->
<testsuite skipped="0" hostname="ITEM-S73641" name="TestCases.TC08_EnnumeratedEngAttribute" tests="1" failures="0" timestamp="16 Mar 2021 20:05:29 GMT" time="104.809" errors="0">
  <testcase name="TC08_EnnumeratedFleetAttribute1" time="104.809" classname="TestCases.TC08_EnnumeratedEngAttribute"/>
</testsuite> <!-- TestCases.TC08_EnnumeratedEngAttribute -->
