<?xml version="1.0" encoding="UTF-8"?>
<!-- Generated by org.testng.reporters.JUnitReportReporter -->
<testsuite skipped="0" hostname="ITEM-S73641" name="TestCases.TC19_Contact" tests="1" failures="0" timestamp="16 Mar 2021 20:05:29 GMT" time="131.680" errors="0">
  <testcase name="TC19_Contact1" time="131.680" classname="TestCases.TC19_Contact"/>
</testsuite> <!-- TestCases.TC19_Contact -->
