<?xml version="1.0" encoding="UTF-8"?>
<!-- Generated by org.testng.reporters.JUnitReportReporter -->
<testsuite hostname="ITEM-S32273" failures="0" tests="1" name="testcases.Login" time="10.339" errors="0" timestamp="2020-05-15T19:10:51 IST" skipped="0">
  <testcase classname="testcases.Login" name="AeroWebb_login" time="10.339"/>
  <system-out/>
</testsuite> <!-- testcases.Login -->
