<?xml version="1.0" encoding="UTF-8"?>
<!-- Generated by org.testng.reporters.JUnitReportReporter -->
<testsuite skipped="0" hostname="ITEM-S73641" name="TestCases.TC13_EventSubscription" tests="1" failures="0" timestamp="16 Mar 2021 20:05:30 GMT" time="288.616" errors="0">
  <testcase name="TC13_EventSubscription1" time="288.616" classname="TestCases.TC13_EventSubscription"/>
</testsuite> <!-- TestCases.TC13_EventSubscription -->
