<?xml version="1.0" encoding="UTF-8"?>
<!-- Generated by org.testng.reporters.JUnitReportReporter -->
<testsuite skipped="0" hostname="ITEM-S73641" name="TestCases.TC12_CatalogFleetEditDelete" tests="1" failures="0" timestamp="15 Mar 2021 18:42:09 GMT" time="157.193" errors="0">
  <testcase name="TC12_CatalogFleetEditDelete1" time="157.193" classname="TestCases.TC12_CatalogFleetEditDelete"/>
</testsuite> <!-- TestCases.TC12_CatalogFleetEditDelete -->
