<?xml version="1.0" encoding="UTF-8"?>
<!-- Generated by org.testng.reporters.JUnitReportReporter -->
<testsuite skipped="0" hostname="ITEM-S73641" name="TestCases.TC09" tests="1" failures="0" timestamp="26 Nov 2020 13:42:57 GMT" time="185.529" errors="0">
  <testcase name="TC09_Catalg_Engineering" time="185.529" classname="TestCases.TC09"/>
</testsuite> <!-- TestCases.TC09 -->
