<?xml version="1.0" encoding="UTF-8"?>
<!-- Generated by org.testng.reporters.JUnitReportReporter -->
<testsuite skipped="0" hostname="ITEM-S73641" name="TestCases.TC07_EditEnginnering_Attribute" tests="1" failures="0" timestamp="24 Nov 2020 05:13:57 GMT" time="120.366" errors="0">
  <testcase name="TC07_EditEnginnering_Attribute_1" time="120.366" classname="TestCases.TC07_EditEnginnering_Attribute"/>
</testsuite> <!-- TestCases.TC07_EditEnginnering_Attribute -->
