<?xml version="1.0" encoding="UTF-8"?>
<!-- Generated by org.testng.reporters.JUnitReportReporter -->
<testsuite skipped="0" hostname="ITEM-S73641" name="TestCases.TC04_Users" tests="1" failures="0" timestamp="16 Mar 2021 20:05:29 GMT" time="325.128" errors="0">
  <testcase name="TC04_Users1" time="325.128" classname="TestCases.TC04_Users"/>
</testsuite> <!-- TestCases.TC04_Users -->
