<?xml version="1.0" encoding="UTF-8"?>
<!-- Generated by org.testng.reporters.JUnitReportReporter -->
<testsuite hostname="ITEM-S32273" failures="0" tests="1" name="TestCases.AeroWebb_Login" time="18.505" errors="0" timestamp="2020-05-16T13:41:16 IST" skipped="0">
  <testcase classname="TestCases.AeroWebb_Login" name="TC01_Login" time="18.505"/>
  <system-out/>
</testsuite> <!-- TestCases.AeroWebb_Login -->
