<?xml version="1.0" encoding="UTF-8"?>
<!-- Generated by org.testng.reporters.JUnitReportReporter -->
<testsuite hostname="ITEM-S32273" failures="0" tests="1" name="TestCases.Try" time="19.133" errors="0" timestamp="2020-05-28T14:15:02 IST" skipped="0">
  <testcase classname="TestCases.Try" name="TC01_Login" time="19.133"/>
  <system-out/>
</testsuite> <!-- TestCases.Try -->
