<?xml version="1.0" encoding="UTF-8"?>
<!-- Generated by org.testng.reporters.JUnitReportReporter -->
<testsuite hostname="ITEM-S32273" failures="0" tests="1" name="TestCases.TC02" time="25.562" errors="0" timestamp="2020-05-28T14:38:27 IST" skipped="0">
  <testcase classname="TestCases.TC02" name="TC02_CATALOG_ENGINEERING" time="25.562"/>
  <system-out/>
</testsuite> <!-- TestCases.TC02 -->
