<?xml version="1.0" encoding="UTF-8"?>
<!-- Generated by org.testng.reporters.JUnitReportReporter -->
<testsuite skipped="0" hostname="ITEM-S73641" name="TestCases.TC09_CatalogFleet" tests="1" failures="0" timestamp="16 Mar 2021 20:05:30 GMT" time="119.643" errors="0">
  <testcase name="TC09_CatalogFleet1" time="119.643" classname="TestCases.TC09_CatalogFleet"/>
</testsuite> <!-- TestCases.TC09_CatalogFleet -->
