<?xml version="1.0" encoding="UTF-8"?>
<!-- Generated by org.testng.reporters.JUnitReportReporter -->
<testsuite skipped="0" hostname="ITEM-S73641" name="TestCases.TC20_AdminMonitoring" tests="1" failures="0" timestamp="16 Mar 2021 20:05:29 GMT" time="100.155" errors="0">
  <testcase name="TC20_AdminMonitoring1" time="100.155" classname="TestCases.TC20_AdminMonitoring"/>
</testsuite> <!-- TestCases.TC20_AdminMonitoring -->
