<?xml version="1.0" encoding="UTF-8"?>
<!-- Generated by org.testng.reporters.JUnitReportReporter -->
<testsuite skipped="0" hostname="ITEM-S73641" name="TestCases.TC05_AttributeFleet" tests="1" failures="0" timestamp="16 Mar 2021 20:05:29 GMT" time="60.954" errors="0">
  <testcase name="TC05_AttributeFleet1" time="60.954" classname="TestCases.TC05_AttributeFleet"/>
</testsuite> <!-- TestCases.TC05_AttributeFleet -->
