<?xml version="1.0" encoding="UTF-8"?>
<!-- Generated by org.testng.reporters.JUnitReportReporter -->
<testsuite hostname="ITEM-S32273" failures="0" tests="3" name="testcases.TC07_MaintenanceProgImplementat" time="80.229" errors="1" timestamp="2020-05-15T17:25:38 IST" skipped="0">
  <testcase classname="testcases.TC07_MaintenanceProgImplementat" name="MaintenanceProg_Implementat" time="21.909"/>
  <system-out/>
  <testcase classname="testcases.TC07_MaintenanceProgImplementat" name="Pre_request" time="6.136"/>
  <system-out/>
  <testcase classname="testcases.TC07_MaintenanceProgImplementat" name="create" time="52.184">
    <error message="Error while clicking on element :btn_Edit_XPATH" type="junit.framework.AssertionFailedError">
      <![CDATA[junit.framework.AssertionFailedError: Error while clicking on element :btn_Edit_XPATH
at junit.framework.Assert.fail(Assert.java:47)
at base.BaseTest.click(BaseTest.java:102)
at testcases.TC07_MaintenanceProgImplementat.create(TC07_MaintenanceProgImplementat.java:129)
at java.base/jdk.internal.reflect.NativeMethodAccessorImpl.invoke0(Native Method)
at java.base/jdk.internal.reflect.NativeMethodAccessorImpl.invoke(NativeMethodAccessorImpl.java:62)
at java.base/jdk.internal.reflect.DelegatingMethodAccessorImpl.invoke(DelegatingMethodAccessorImpl.java:43)
at java.base/java.lang.reflect.Method.invoke(Method.java:564)
at org.testng.internal.MethodInvocationHelper.invokeMethod(MethodInvocationHelper.java:134)
at org.testng.internal.TestInvoker.invokeMethod(TestInvoker.java:597)
at org.testng.internal.TestInvoker.invokeTestMethod(TestInvoker.java:173)
at org.testng.internal.MethodRunner.runInSequence(MethodRunner.java:46)
at org.testng.internal.TestInvoker$MethodInvocationAgent.invoke(TestInvoker.java:816)
at org.testng.internal.TestInvoker.invokeTestMethods(TestInvoker.java:146)
at org.testng.internal.TestMethodWorker.invokeTestMethods(TestMethodWorker.java:146)
at org.testng.internal.TestMethodWorker.run(TestMethodWorker.java:128)
at java.base/java.util.ArrayList.forEach(ArrayList.java:1510)
at org.testng.TestRunner.privateRun(TestRunner.java:766)
at org.testng.TestRunner.run(TestRunner.java:587)
at org.testng.SuiteRunner.runTest(SuiteRunner.java:384)
at org.testng.SuiteRunner.runSequentially(SuiteRunner.java:378)
at org.testng.SuiteRunner.privateRun(SuiteRunner.java:337)
at org.testng.SuiteRunner.run(SuiteRunner.java:286)
at org.testng.SuiteRunnerWorker.runSuite(SuiteRunnerWorker.java:53)
at org.testng.SuiteRunnerWorker.run(SuiteRunnerWorker.java:96)
at org.testng.TestNG.runSuitesSequentially(TestNG.java:1187)
at org.testng.TestNG.runSuitesLocally(TestNG.java:1109)
at org.testng.TestNG.runSuites(TestNG.java:1039)
at org.testng.TestNG.run(TestNG.java:1007)
at org.testng.remote.AbstractRemoteTestNG.run(AbstractRemoteTestNG.java:115)
at org.testng.remote.RemoteTestNG.initAndRun(RemoteTestNG.java:251)
at org.testng.remote.RemoteTestNG.main(RemoteTestNG.java:77)
]]>
    </error>
  </testcase> <!-- create -->
  <system-out>
<a target="_blank" href="15-May-2020__05_25_38PM.png">Screenshot link</a> <br> <a target="_blank" href="15-May-2020__05_25_38PM.png"><img src="15-May-2020__05_25_38PM.png" height=200 width=200></a>  </system-out>
</testsuite> <!-- testcases.TC07_MaintenanceProgImplementat -->
