<?xml version="1.0" encoding="UTF-8"?>
<!-- Generated by org.testng.reporters.JUnitReportReporter -->
<testsuite skipped="0" hostname="ITEM-S73641" name="TestCases.TC13EventSubscription" tests="1" failures="0" timestamp="2 Dec 2020 17:04:36 GMT" time="148.940" errors="0">
  <testcase name="TC13EventSubscription_1" time="148.940" classname="TestCases.TC13EventSubscription"/>
</testsuite> <!-- TestCases.TC13EventSubscription -->
