<?xml version="1.0" encoding="UTF-8"?>
<!-- Generated by org.testng.reporters.JUnitReportReporter -->
<testsuite skipped="0" hostname="ITEM-S73641" name="TestCases.TC19" tests="1" failures="0" timestamp="26 Nov 2020 12:57:46 GMT" time="65.031" errors="0">
  <testcase name="TC19_Contact" time="65.031" classname="TestCases.TC19"/>
</testsuite> <!-- TestCases.TC19 -->
