<?xml version="1.0" encoding="UTF-8"?>
<!-- Generated by org.testng.reporters.JUnitReportReporter -->
<testsuite hostname="ITEM-S32273" failures="0" tests="3" name="testcases.TC06_AircraftEvents" time="118.022" errors="0" timestamp="2020-05-15T14:12:27 IST" skipped="0">
  <testcase classname="testcases.TC06_AircraftEvents" name="Field_Validation" time="5.859"/>
  <system-out/>
  <testcase classname="testcases.TC06_AircraftEvents" name="Pre_request" time="5.791"/>
  <system-out/>
  <testcase classname="testcases.TC06_AircraftEvents" name="Aircraft_Event" time="106.372"/>
  <system-out/>
</testsuite> <!-- testcases.TC06_AircraftEvents -->
