<?xml version="1.0" encoding="UTF-8"?>
<!-- Generated by org.testng.reporters.JUnitReportReporter -->
<testsuite skipped="0" hostname="ITEM-S73641" name="TestCases.TC041Users" tests="1" failures="0" timestamp="2 Dec 2020 16:16:49 GMT" time="206.152" errors="0">
  <testcase name="TC041Users_1" time="206.152" classname="TestCases.TC041Users"/>
</testsuite> <!-- TestCases.TC041Users -->
