<?xml version="1.0" encoding="UTF-8"?>
<!-- Generated by org.testng.reporters.JUnitReportReporter -->
<testsuite skipped="0" hostname="ITEM-S73641" name="TestCases.TC07_EditEnginneringAttribute" tests="1" failures="0" timestamp="16 Mar 2021 20:05:30 GMT" time="138.287" errors="0">
  <testcase name="TC07_EditEnginneringAttribute_1" time="138.287" classname="TestCases.TC07_EditEnginneringAttribute"/>
</testsuite> <!-- TestCases.TC07_EditEnginneringAttribute -->
