<?xml version="1.0" encoding="UTF-8"?>
<!-- Generated by org.testng.reporters.JUnitReportReporter -->
<testsuite skipped="0" hostname="ITEM-S73641" name="TestCases.TC14_EnterpriseMap" tests="1" failures="0" timestamp="16 Mar 2021 20:05:29 GMT" time="27.419" errors="0">
  <testcase name="TC14_EnterpriseMap1" time="27.419" classname="TestCases.TC14_EnterpriseMap"/>
</testsuite> <!-- TestCases.TC14_EnterpriseMap -->
