<?xml version="1.0" encoding="UTF-8"?>
<!-- Generated by org.testng.reporters.JUnitReportReporter -->
<testsuite skipped="0" hostname="ITEM-S73641" name="TestCases.TCM6_2" tests="1" failures="0" timestamp="25 Nov 2020 14:52:40 GMT" time="141.128" errors="0">
  <testcase name="TC05_Attribute" time="141.128" classname="TestCases.TCM6_2"/>
</testsuite> <!-- TestCases.TCM6_2 -->
