<?xml version="1.0" encoding="UTF-8"?>
<!-- Generated by org.testng.reporters.JUnitReportReporter -->
<testsuite skipped="0" hostname="ITEM-S73641" name="TestCases.TC12" tests="1" failures="0" timestamp="26 Nov 2020 13:11:27 GMT" time="103.277" errors="0">
  <testcase name="TC12_CatalogFleetEditDelete" time="103.277" classname="TestCases.TC12"/>
</testsuite> <!-- TestCases.TC12 -->
