<?xml version="1.0" encoding="UTF-8"?>
<!-- Generated by org.testng.reporters.JUnitReportReporter -->
<testsuite skipped="0" hostname="ITEM-S73641" name="TestCases.TC08_Ennumerated_FleetAttribute" tests="1" failures="0" timestamp="25 Nov 2020 17:09:14 GMT" time="82.441" errors="0">
  <testcase name="TC08_Ennumerated_FleetAttribute_1" time="82.441" classname="TestCases.TC08_Ennumerated_FleetAttribute"/>
</testsuite> <!-- TestCases.TC08_Ennumerated_FleetAttribute -->
