<?xml version="1.0" encoding="UTF-8"?>
<!-- Generated by org.testng.reporters.JUnitReportReporter -->
<testsuite skipped="0" hostname="ITEM-S73641" name="TestCases.TC14" tests="1" failures="0" timestamp="2 Dec 2020 14:21:00 GMT" time="25.425" errors="0">
  <testcase name="TC14_EnterpriseMap" time="25.425" classname="TestCases.TC14"/>
</testsuite> <!-- TestCases.TC14 -->
