<?xml version="1.0" encoding="UTF-8"?>
<!-- Generated by org.testng.reporters.JUnitReportReporter -->
<testsuite skipped="0" hostname="ITEM-S73641" name="TestCases.TCM6_1" tests="1" failures="0" timestamp="25 Nov 2020 14:24:05 GMT" time="175.956" errors="0">
  <testcase name="TC05_Attribute" time="175.956" classname="TestCases.TCM6_1"/>
</testsuite> <!-- TestCases.TCM6_1 -->
