<?xml version="1.0" encoding="UTF-8"?>
<!-- Generated by org.testng.reporters.JUnitReportReporter -->
<testsuite skipped="0" hostname="ITEM-S73641" name="TestCases.TC02_Profile" tests="1" failures="0" timestamp="16 Mar 2021 20:05:29 GMT" time="221.409" errors="0">
  <testcase name="TC02_Profile1" time="221.409" classname="TestCases.TC02_Profile"/>
</testsuite> <!-- TestCases.TC02_Profile -->
