<?xml version="1.0" encoding="UTF-8"?>
<!-- Generated by org.testng.reporters.JUnitReportReporter -->
<testsuite skipped="0" hostname="ITEM-S73641" name="TestCases.TC13_EnterpriseDefinition" tests="1" failures="0" timestamp="16 Mar 2021 20:05:30 GMT" time="352.251" errors="0">
  <testcase name="TC13_EnterpriseDefinitin1" time="352.251" classname="TestCases.TC13_EnterpriseDefinition"/>
</testsuite> <!-- TestCases.TC13_EnterpriseDefinition -->
