<?xml version="1.0" encoding="UTF-8"?>
<!-- Generated by org.testng.reporters.JUnitReportReporter -->
<testsuite skipped="0" hostname="ITEM-S73641" name="TestCases.TC16_WorkShop" tests="1" failures="0" timestamp="16 Mar 2021 20:05:29 GMT" time="463.907" errors="0">
  <testcase name="TC16_WorkShop1" time="463.907" classname="TestCases.TC16_WorkShop"/>
</testsuite> <!-- TestCases.TC16_WorkShop -->
