<?xml version="1.0" encoding="UTF-8"?>
<!-- Generated by org.testng.reporters.JUnitReportReporter -->
<testsuite hostname="ITEM-S32273" failures="0" tests="1" name="TestCases.de1" time="0.008" errors="0" timestamp="2020-05-16T16:59:11 IST" skipped="0">
  <testcase classname="TestCases.de1" name="first" time="0.008"/>
  <system-out/>
</testsuite> <!-- TestCases.de1 -->
