<?xml version="1.0" encoding="UTF-8"?>
<!-- Generated by org.testng.reporters.JUnitReportReporter -->
<testsuite skipped="0" hostname="ITEM-S73641" name="TestCases.TC04_ProductFamily" tests="1" failures="0" timestamp="11 Dec 2020 09:50:50 GMT" time="89.959" errors="0">
  <testcase name="TC04_ProductFamily1" time="89.959" classname="TestCases.TC04_ProductFamily"/>
</testsuite> <!-- TestCases.TC04_ProductFamily -->
