<?xml version="1.0" encoding="UTF-8"?>
<!-- Generated by org.testng.reporters.JUnitReportReporter -->
<testsuite skipped="0" hostname="ITEM-S73641" name="TestCases.TC01" tests="1" failures="0" timestamp="26 Nov 2020 20:29:45 GMT" time="23.914" errors="0">
  <testcase name="TC01_Login" time="23.914" classname="TestCases.TC01"/>
</testsuite> <!-- TestCases.TC01 -->
