<?xml version="1.0" encoding="UTF-8"?>
<!-- Generated by org.testng.reporters.JUnitReportReporter -->
<testsuite hostname="ITEM-S32273" failures="0" tests="1" name="Functions.Login" time="10.298" errors="0" timestamp="2020-05-16T11:14:35 IST" skipped="0">
  <testcase classname="Functions.Login" name="AeroWebb_login" time="10.298"/>
  <system-out/>
</testsuite> <!-- Functions.Login -->
