<?xml version="1.0" encoding="UTF-8"?>
<!-- Generated by org.testng.reporters.JUnitReportReporter -->
<testsuite skipped="0" hostname="ITEM-S73641" name="TestCases.TC11" tests="1" failures="0" timestamp="26 Nov 2020 13:13:52 GMT" time="79.632" errors="0">
  <testcase name="TC11_Catalog_Fleet" time="79.632" classname="TestCases.TC11"/>
</testsuite> <!-- TestCases.TC11 -->
