<?xml version="1.0" encoding="UTF-8"?>
<!-- Generated by org.testng.reporters.JUnitReportReporter -->
<testsuite hostname="ITEM-S88545" failures="0" tests="1" name="TestCases.TC03_Profile" time="0.000" errors="0" timestamp="2020-12-31T18:22:08 IST" skipped="1">
  <testcase classname="TestCases.TC03_Profile" name="TC03Profile2_1" time="0.000">
    <skipped/>
  </testcase> <!-- TC03Profile2_1 -->
  <system-out/>
</testsuite> <!-- TestCases.TC03_Profile -->
