<?xml version="1.0" encoding="UTF-8"?>
<!-- Generated by org.testng.reporters.JUnitReportReporter -->
<testsuite skipped="0" hostname="ITEM-S73641" name="TestCases.TC07_EditFleetAttribute" tests="1" failures="0" timestamp="16 Mar 2021 20:05:29 GMT" time="138.367" errors="0">
  <testcase name="TC07_EditFleetAttribute_1" time="138.367" classname="TestCases.TC07_EditFleetAttribute"/>
</testsuite> <!-- TestCases.TC07_EditFleetAttribute -->
