<?xml version="1.0" encoding="UTF-8"?>
<!-- Generated by org.testng.reporters.JUnitReportReporter -->
<testsuite skipped="0" hostname="ITEM-S73641" name="TestCases.TC21_Licensing" tests="1" failures="0" timestamp="17 Mar 2021 07:02:14 GMT" time="48.861" errors="0">
  <testcase name="TC21_Licensing1" time="48.861" classname="TestCases.TC21_Licensing"/>
</testsuite> <!-- TestCases.TC21_Licensing -->
