<?xml version="1.0" encoding="UTF-8"?>
<!-- Generated by org.testng.reporters.JUnitReportReporter -->
<testsuite skipped="0" hostname="ITEM-S73641" name="TestCases.TCM9Setting" tests="1" failures="0" timestamp="2 Dec 2020 16:18:25 GMT" time="41.317" errors="0">
  <testcase name="TCM9Setting1" time="41.317" classname="TestCases.TCM9Setting"/>
</testsuite> <!-- TestCases.TCM9Setting -->
