<?xml version="1.0" encoding="UTF-8"?>
<!-- Generated by org.testng.reporters.JUnitReportReporter -->
<testsuite skipped="0" hostname="ITEM-S73641" name="TestCases.TC15_Site" tests="1" failures="0" timestamp="16 Mar 2021 20:05:30 GMT" time="158.661" errors="0">
  <testcase name="TC15_CreateNewSite" time="158.661" classname="TestCases.TC15_Site"/>
</testsuite> <!-- TestCases.TC15_Site -->
