<?xml version="1.0" encoding="UTF-8"?>
<!-- Generated by org.testng.reporters.JUnitReportReporter -->
<testsuite skipped="0" hostname="ITEM-S73641" name="TestCases.TCM5_2" tests="1" failures="0" timestamp="24 Nov 2020 05:13:57 GMT" time="131.935" errors="0">
  <testcase name="TC05_Attribute" time="131.935" classname="TestCases.TCM5_2"/>
</testsuite> <!-- TestCases.TCM5_2 -->
