<?xml version="1.0" encoding="UTF-8"?>
<!-- Generated by org.testng.reporters.JUnitReportReporter -->
<testsuite hostname="ITEM-S32273" failures="0" tests="3" name="testcases.TC02_CATALOG_ENGINEERING" time="30.148" errors="0" timestamp="2020-05-15T19:10:51 IST" skipped="0">
  <testcase classname="testcases.TC02_CATALOG_ENGINEERING" name="Cause_Of_Removal_List_Add" time="17.992"/>
  <system-out/>
  <testcase classname="testcases.TC02_CATALOG_ENGINEERING" name="catalog" time="6.991"/>
  <system-out/>
  <testcase classname="testcases.TC02_CATALOG_ENGINEERING" name="Cause_Of_Removal_List" time="5.165"/>
  <system-out/>
</testsuite> <!-- testcases.TC02_CATALOG_ENGINEERING -->
