<?xml version="1.0" encoding="UTF-8"?>
<!-- Generated by org.testng.reporters.JUnitReportReporter -->
<testsuite hostname="ITEM-S32273" failures="0" tests="4" name="testcases.TC03_CatalogEngEditDelete" time="23.994" errors="0" timestamp="2020-05-15T13:22:06 IST" skipped="0">
  <testcase classname="testcases.TC03_CatalogEngEditDelete" name="Select_from_Cause_of_removal_list" time="5.172"/>
  <system-out/>
  <testcase classname="testcases.TC03_CatalogEngEditDelete" name="Updtae" time="5.723"/>
  <system-out/>
  <testcase classname="testcases.TC03_CatalogEngEditDelete" name="Delete" time="0.244"/>
  <system-out/>
  <testcase classname="testcases.TC03_CatalogEngEditDelete" name="Pre_request" time="12.855"/>
  <system-out/>
</testsuite> <!-- testcases.TC03_CatalogEngEditDelete -->
