<?xml version="1.0" encoding="UTF-8"?>
<!-- Generated by org.testng.reporters.JUnitReportReporter -->
<testsuite skipped="0" hostname="ITEM-S73641" name="TestCases.TC18BusinessPartner" tests="1" failures="0" timestamp="2 Dec 2020 15:49:05 GMT" time="346.208" errors="0">
  <testcase name="TC18BusinessPartner_1" time="346.208" classname="TestCases.TC18BusinessPartner"/>
</testsuite> <!-- TestCases.TC18BusinessPartner -->
