<?xml version="1.0" encoding="UTF-8"?>
<!-- Generated by org.testng.reporters.JUnitReportReporter -->
<testsuite hostname="ITEM-S32273" failures="0" tests="1" name="TestCases.TC03" time="40.479" errors="0" timestamp="2020-05-25T17:55:51 IST" skipped="0">
  <testcase classname="TestCases.TC03" name="TC03_CatalogEngEditDelete" time="40.479"/>
  <system-out/>
</testsuite> <!-- TestCases.TC03 -->
